Epoch #:  0
/home/megh/diff-hp-search/utils/operations.py:10: UserWarning: This overload of add_ is deprecated:
	add_(Number alpha, Tensor other)
Consider using one of the following signatures instead:
	add_(Tensor other, *, Number alpha) (Triggered internally at  /opt/conda/conda-bld/pytorch_1603729047590/work/torch/csrc/utils/python_arg_parser.cpp:882.)
  p.data.add_(R, v)
tensor([1.0001, 1.0001, 1.0000,  ..., 1.0000, 1.0000, 1.0000])
Train Acc:  34.87881747159091 Train Loss:  1.6771395206451416
Val Acc:  34.827302631578945 Val Loss:  1.6671239137649536
Saving model ...
Best Val Acc:  34.827302631578945
Epoch #:  1
tensor([1.0250, 0.9748, 1.0433,  ..., 1.0000, 1.0000, 1.0000])
Train Acc:  44.49795809659091 Train Loss:  1.499489188194275
Val Acc:  45.08634868421053 Val Loss:  1.4731957912445068
Saving model ...
Best Val Acc:  45.08634868421053
Epoch #:  2
tensor([0.9958, 0.9739, 0.9453,  ..., 1.0000, 1.0000, 1.0000])
Train Acc:  47.1923828125 Train Loss:  1.433703899383545
Val Acc:  49.42434210526316 Val Loss:  1.3773366212844849
Saving model ...
Best Val Acc:  49.42434210526316
Epoch #:  3
tensor([1.0446, 0.9933, 0.9586,  ..., 1.0000, 1.0000, 1.0000])
Train Acc:  55.40438565340909 Train Loss:  1.2681241035461426
Val Acc:  56.84621710526316 Val Loss:  1.236891746520996
Saving model ...
Best Val Acc:  56.84621710526316
Epoch #:  4
tensor([1.0414, 0.8418, 0.9727,  ..., 1.0000, 1.0000, 1.0000])
Train Acc:  60.08744673295455 Train Loss:  1.1726491451263428
Val Acc:  61.90378289473684 Val Loss:  1.1281402111053467
Saving model ...
Best Val Acc:  61.90378289473684
Epoch #:  5
tensor([1.0131, 0.9900, 0.9540,  ..., 1.0000, 1.0000, 1.0000])
Train Acc:  60.87313565340909 Train Loss:  1.1251294612884521
Val Acc:  62.3766447368421 Val Loss:  1.0684456825256348
Saving model ...
Best Val Acc:  62.3766447368421
Epoch #:  6
tensor([0.9175, 1.0202, 1.0303,  ..., 1.0000, 1.0000, 1.0000])
Train Acc:  60.94859730113637 Train Loss:  1.1236687898635864
Val Acc:  59.90953947368421 Val Loss:  1.1363216638565063
Saving model ...
Best Val Acc:  62.3766447368421
Epoch #:  7
tensor([0.8016, 1.0378, 0.9672,  ..., 1.0000, 1.0000, 1.0000])
Train Acc:  61.1572265625 Train Loss:  1.1049225330352783
Val Acc:  60.34128289473684 Val Loss:  1.1352468729019165
Saving model ...
Best Val Acc:  62.3766447368421
Epoch #:  8
tensor([1.0790, 0.9702, 0.9771,  ..., 1.0000, 1.0000, 1.0000])
Train Acc:  67.7734375 Train Loss:  0.946520209312439
Val Acc:  67.47532894736842 Val Loss:  0.9357093572616577
Saving model ...
Best Val Acc:  67.47532894736842
Epoch #:  9
tensor([1.0233, 0.9772, 0.9515,  ..., 1.0000, 1.0000, 1.0000])
Train Acc:  67.51154119318181 Train Loss:  0.9713483452796936
Val Acc:  68.17434210526316 Val Loss:  0.9271533489227295
Saving model ...
Best Val Acc:  68.17434210526316
Epoch #:  10
tensor([1.0532, 0.9951, 0.9712,  ..., 1.0000, 1.0000, 1.0000])
Train Acc:  64.16237571022727 Train Loss:  1.0221995115280151
Val Acc:  65.39884868421052 Val Loss:  0.9713854193687439
Saving model ...
Best Val Acc:  68.17434210526316
Epoch #:  11
tensor([1.0101, 0.8692, 0.9114,  ..., 1.0000, 1.0000, 1.0000])
Train Acc:  68.38156960227273 Train Loss:  0.9555468559265137
Val Acc:  67.92763157894737 Val Loss:  0.9449878931045532
Saving model ...
Best Val Acc:  68.17434210526316
Epoch #:  12
tensor([1.0251, 1.1173, 0.9967,  ..., 1.0000, 1.0000, 1.0000])
Train Acc:  67.0743075284091 Train Loss:  0.9575110673904419
Val Acc:  67.63980263157895 Val Loss:  0.9336113333702087
Saving model ...
Best Val Acc:  68.17434210526316
Epoch #:  13
tensor([0.6628, 0.9982, 1.0335,  ..., 1.0000, 1.0000, 1.0000])
Train Acc:  70.13938210227273 Train Loss:  0.8990973234176636
Val Acc:  70.12746710526316 Val Loss:  0.878868043422699
Saving model ...
Best Val Acc:  70.12746710526316
Epoch #:  14
tensor([0.9644, 1.0381, 1.0852,  ..., 1.0000, 1.0000, 1.0000])
Train Acc:  68.96528764204545 Train Loss:  0.9044336676597595
Val Acc:  68.8939144736842 Val Loss:  0.9104906916618347
Saving model ...
Best Val Acc:  70.12746710526316
Epoch #:  15
tensor([0.9840, 0.9738, 0.8788,  ..., 1.0000, 1.0000, 1.0000])
Train Acc:  71.30015980113636 Train Loss:  0.8556962013244629
Val Acc:  71.46381578947368 Val Loss:  0.8476733565330505
Saving model ...
Best Val Acc:  71.46381578947368
Epoch #:  16
tensor([1.0156, 1.0873, 1.1303,  ..., 1.0000, 1.0000, 1.0000])
Train Acc:  72.06587357954545 Train Loss:  0.8170105814933777
Val Acc:  73.35526315789474 Val Loss:  0.7959613800048828
Saving model ...
Best Val Acc:  73.35526315789474
Epoch #:  17
tensor([1.0148, 1.0781, 1.1675,  ..., 1.0000, 1.0000, 1.0000])
Train Acc:  71.68634588068181 Train Loss:  0.8404572010040283
Val Acc:  71.21710526315789 Val Loss:  0.8522597551345825
Saving model ...
Best Val Acc:  73.35526315789474
Epoch #:  18
tensor([0.9763, 1.0192, 0.9750,  ..., 1.0000, 1.0000, 1.0000])
Train Acc:  72.28781960227273 Train Loss:  0.839339554309845
Val Acc:  71.89555921052632 Val Loss:  0.856226921081543
Saving model ...
Best Val Acc:  73.35526315789474
Epoch #:  19
tensor([1.0128, 0.9960, 0.9560,  ..., 1.0000, 1.0000, 1.0000])
Train Acc:  72.07253196022727 Train Loss:  0.8370289206504822
Val Acc:  71.66940789473684 Val Loss:  0.8451423645019531
Saving model ...
Best Val Acc:  73.35526315789474
Epoch #:  20
tensor([1.0087, 1.0459, 0.7235,  ..., 1.0000, 1.0000, 1.0000])
Train Acc:  71.27130681818181 Train Loss:  0.871835470199585
Val Acc:  71.03207236842105 Val Loss:  0.8725613951683044
Saving model ...
Best Val Acc:  73.35526315789474
Epoch #:  21
tensor([0.9459, 0.9878, 0.9635,  ..., 1.0000, 1.0000, 1.0000])
Train Acc:  74.9178799715909 Train Loss:  0.7423979640007019
Val Acc:  74.30098684210526 Val Loss:  0.7487905621528625
Saving model ...
Best Val Acc:  74.30098684210526
Epoch #:  22
tensor([0.8687, 1.0624, 0.9999,  ..., 1.0000, 1.0000, 1.0000])
Train Acc:  72.16574928977273 Train Loss:  0.8404827117919922
Val Acc:  72.20394736842105 Val Loss:  0.8282335996627808
Saving model ...
Best Val Acc:  74.30098684210526
Epoch #:  23
tensor([0.9867, 1.0570, 0.9929,  ..., 1.0000, 1.0000, 1.0000])
Train Acc:  72.54749644886364 Train Loss:  0.82697594165802
Val Acc:  72.24506578947368 Val Loss:  0.8397818803787231
Saving model ...
Best Val Acc:  74.30098684210526
Epoch #:  24
tensor([1.0613, 1.0833, 0.8546,  ..., 1.0000, 1.0000, 1.0000])
Train Acc:  74.66042258522727 Train Loss:  0.7524365782737732
Val Acc:  74.21875 Val Loss:  0.7610057592391968
Saving model ...
Best Val Acc:  74.30098684210526
Epoch #:  25
tensor([1.0051, 0.9656, 1.0047,  ..., 1.0000, 1.0000, 1.0000])
Train Acc:  74.68705610795455 Train Loss:  0.7609425783157349
Val Acc:  74.50657894736842 Val Loss:  0.7811294198036194
Saving model ...
Best Val Acc:  74.50657894736842
Epoch #:  26
tensor([0.9723, 1.0660, 0.9744,  ..., 1.0000, 1.0000, 1.0000])
Train Acc:  75.05992542613636 Train Loss:  0.7519170641899109
Val Acc:  74.40378289473684 Val Loss:  0.771260142326355
Saving model ...
Best Val Acc:  74.50657894736842
Epoch #:  27
tensor([0.9864, 0.9658, 0.9713,  ..., 1.0000, 1.0000, 1.0000])
Train Acc:  76.90651633522727 Train Loss:  0.6824198365211487
Val Acc:  76.60361842105263 Val Loss:  0.7099976539611816
Saving model ...
Best Val Acc:  76.60361842105263
Epoch #:  28
tensor([0.9934, 0.9807, 0.9582,  ..., 1.0000, 1.0000, 1.0000])
Train Acc:  75.29962713068181 Train Loss:  0.7494710087776184
Val Acc:  74.48601973684211 Val Loss:  0.7507489323616028
Saving model ...
Best Val Acc:  76.60361842105263
Epoch #:  29
tensor([1.0380, 1.0076, 0.9669,  ..., 1.0000, 1.0000, 1.0000])
Train Acc:  74.70703125 Train Loss:  0.7564417719841003
Val Acc:  73.47861842105263 Val Loss:  0.7891842126846313
Saving model ...
Best Val Acc:  76.60361842105263
Epoch #:  30
tensor([0.9931, 1.0103, 1.0168,  ..., 1.0000, 1.0000, 1.0000])
Train Acc:  75.29740767045455 Train Loss:  0.7338427901268005
Val Acc:  74.52713815789474 Val Loss:  0.7614185214042664
Saving model ...
Best Val Acc:  76.60361842105263
Epoch #:  31
tensor([0.9395, 1.0327, 1.0047,  ..., 1.0000, 1.0000, 1.0000])
Train Acc:  74.98002485795455 Train Loss:  0.7408056855201721
Val Acc:  73.5814144736842 Val Loss:  0.7809874415397644
Saving model ...
Best Val Acc:  76.60361842105263
Epoch #:  32
tensor([0.8961, 0.9633, 1.0569,  ..., 1.0000, 1.0000, 1.0000])
Train Acc:  74.15660511363636 Train Loss:  0.7732599377632141
Val Acc:  71.77220394736842 Val Loss:  0.8442552089691162
Saving model ...
Best Val Acc:  76.60361842105263
Epoch #:  33
tensor([1.0196, 0.9613, 0.9480,  ..., 1.0000, 1.0000, 1.0000])
Train Acc:  77.65669389204545 Train Loss:  0.6587010025978088
Val Acc:  76.13075657894737 Val Loss:  0.6842544674873352
Saving model ...
Best Val Acc:  76.60361842105263
Epoch #:  34
tensor([0.9837, 0.9926, 0.9227,  ..., 1.0000, 1.0000, 1.0000])
Train Acc:  76.46484375 Train Loss:  0.6854583024978638
Val Acc:  75.71957236842105 Val Loss:  0.7078253030776978
Saving model ...
Best Val Acc:  76.60361842105263
Epoch #:  35
tensor([0.9726, 0.8928, 0.9847,  ..., 1.0000, 1.0000, 1.0000])
Train Acc:  76.5225497159091 Train Loss:  0.6884959936141968
Val Acc:  75.12335526315789 Val Loss:  0.7328906059265137
Saving model ...
Best Val Acc:  76.60361842105263
Epoch #:  36
tensor([1.0356, 0.9963, 1.0577,  ..., 1.0000, 1.0000, 1.0000])
Train Acc:  76.04758522727273 Train Loss:  0.7058241963386536
Val Acc:  74.58881578947368 Val Loss:  0.7508853673934937
Saving model ...
Best Val Acc:  76.60361842105263
Epoch #:  37
tensor([1.0715, 1.0375, 1.0015,  ..., 1.0000, 1.0000, 1.0000])
Train Acc:  77.61008522727273 Train Loss:  0.6702753901481628
Val Acc:  76.21299342105263 Val Loss:  0.7005665898323059
Saving model ...
Best Val Acc:  76.60361842105263
Epoch #:  38
tensor([1.0176, 0.9999, 0.9629,  ..., 1.0000, 1.0000, 1.0000])
Train Acc:  78.32253196022727 Train Loss:  0.6347758769989014
Val Acc:  76.0279605263158 Val Loss:  0.7022624015808105
Saving model ...
Best Val Acc:  76.60361842105263
Epoch #:  39
tensor([1.0155, 0.9827, 1.0253,  ..., 1.0000, 1.0000, 1.0000])
Train Acc:  76.11860795454545 Train Loss:  0.7099756002426147
Val Acc:  73.828125 Val Loss:  0.7572128772735596
Saving model ...
Best Val Acc:  76.60361842105263
Epoch #:  40
tensor([0.9595, 0.8362, 0.9031,  ..., 1.0000, 1.0000, 1.0000])
Train Acc:  76.6446200284091 Train Loss:  0.678520679473877
Val Acc:  75.06167763157895 Val Loss:  0.7238423824310303
Saving model ...
Best Val Acc:  76.60361842105263
Epoch #:  41
tensor([0.8190, 0.9216, 0.9737,  ..., 1.0000, 1.0000, 1.0000])
Train Acc:  77.7188387784091 Train Loss:  0.662421703338623
Val Acc:  75.94572368421052 Val Loss:  0.7129697799682617
Saving model ...
Best Val Acc:  76.60361842105263
Epoch #:  42
tensor([1.1626, 1.0053, 0.9856,  ..., 1.0000, 1.0000, 1.0000])
Train Acc:  79.37233664772727 Train Loss:  0.6141229271888733
Val Acc:  76.97368421052632 Val Loss:  0.6692551970481873
Saving model ...
Best Val Acc:  76.97368421052632
Epoch #:  43
tensor([1.0132, 0.9441, 1.0005,  ..., 1.0000, 1.0000, 1.0000])
Train Acc:  76.92205255681819 Train Loss:  0.6791790127754211
Val Acc:  75.02055921052632 Val Loss:  0.7330048084259033
Saving model ...
Best Val Acc:  76.97368421052632
Epoch #:  44
tensor([1.0540, 1.0045, 0.9868,  ..., 1.0000, 1.0000, 1.0000])
Train Acc:  79.18590198863636 Train Loss:  0.6101582050323486
Val Acc:  76.25411184210526 Val Loss:  0.6883164644241333
Saving model ...
Best Val Acc:  76.97368421052632
Epoch #:  45
tensor([1.0382, 1.0016, 0.8784,  ..., 1.0000, 1.0000, 1.0000])
Train Acc:  79.24138849431819 Train Loss:  0.6095583438873291
Val Acc:  76.48026315789474 Val Loss:  0.6735513210296631
Saving model ...
Best Val Acc:  76.97368421052632
Epoch #:  46
tensor([1.0311, 1.0861, 0.8810,  ..., 1.0000, 1.0000, 1.0000])
Train Acc:  80.5575284090909 Train Loss:  0.5654913187026978
Val Acc:  77.4876644736842 Val Loss:  0.6524287462234497
Saving model ...
Best Val Acc:  77.4876644736842
Epoch #:  47
tensor([0.9824, 0.9855, 0.9966,  ..., 1.0000, 1.0000, 1.0000])
Train Acc:  81.36541193181819 Train Loss:  0.539078414440155
Val Acc:  78.70065789473684 Val Loss:  0.6229251027107239
Saving model ...
Best Val Acc:  78.70065789473684
Epoch #:  48
tensor([0.8488, 0.8766, 1.0756,  ..., 1.0000, 1.0000, 1.0000])
Train Acc:  81.62286931818181 Train Loss:  0.5394814610481262
Val Acc:  78.14555921052632 Val Loss:  0.6453542709350586
Saving model ...
Best Val Acc:  78.70065789473684
Epoch #:  49
tensor([1.0170, 1.1206, 0.9992,  ..., 1.0000, 1.0000, 1.0000])
Train Acc:  80.61301491477273 Train Loss:  0.57073575258255
Val Acc:  76.97368421052632 Val Loss:  0.6713969707489014
Saving model ...
Best Val Acc:  78.70065789473684
Epoch #:  50
tensor([1.0116, 0.8627, 0.9991,  ..., 1.0000, 1.0000, 1.0000])
Train Acc:  83.01003196022727 Train Loss:  0.4909360408782959
Val Acc:  79.85197368421052 Val Loss:  0.5882835984230042
Saving model ...
Best Val Acc:  79.85197368421052
Epoch #:  51
tensor([0.9865, 1.0014, 1.0124,  ..., 1.0000, 1.0000, 1.0000])
Train Acc:  81.62064985795455 Train Loss:  0.5379461646080017
Val Acc:  78.22779605263158 Val Loss:  0.6500043869018555
Saving model ...
Best Val Acc:  79.85197368421052
Epoch #:  52
tensor([0.9513, 0.9186, 1.0358,  ..., 1.0000, 1.0000, 1.0000])
Train Acc:  82.38636363636364 Train Loss:  0.5108088850975037
Val Acc:  78.78289473684211 Val Loss:  0.6070148348808289
Saving model ...
Best Val Acc:  79.85197368421052
Epoch #:  53
tensor([0.9870, 0.9506, 1.0046,  ..., 1.0000, 1.0000, 1.0000])
Train Acc:  82.62828480113636 Train Loss:  0.4954126477241516
Val Acc:  79.46134868421052 Val Loss:  0.5982152223587036
Saving model ...
Best Val Acc:  79.85197368421052
Epoch #:  54
tensor([0.9516, 1.0286, 1.0325,  ..., 1.0000, 1.0000, 1.0000])
Train Acc:  83.23197798295455 Train Loss:  0.48811131715774536
Val Acc:  79.70805921052632 Val Loss:  0.5919595956802368
Saving model ...
Best Val Acc:  79.85197368421052
Epoch #:  55
tensor([1.0016, 0.9889, 0.9977,  ..., 1.0000, 1.0000, 1.0000])
Train Acc:  82.0956143465909 Train Loss:  0.5125362277030945
Val Acc:  78.82401315789474 Val Loss:  0.6235617399215698
Saving model ...
Best Val Acc:  79.85197368421052
Epoch #:  56
tensor([0.9082, 1.0013, 0.9989,  ..., 1.0000, 1.0000, 1.0000])
Train Acc:  81.8204012784091 Train Loss:  0.534419059753418
Val Acc:  78.82401315789474 Val Loss:  0.6545787453651428
Saving model ...
Best Val Acc:  79.85197368421052
Epoch #:  57
tensor([1.1377, 0.9865, 0.9892,  ..., 1.0000, 1.0000, 1.0000])
Train Acc:  81.88920454545455 Train Loss:  0.5209231376647949
Val Acc:  77.9810855263158 Val Loss:  0.6357623338699341
Saving model ...
Best Val Acc:  79.85197368421052
Epoch #:  58
tensor([1.0512, 1.0009, 1.0042,  ..., 1.0000, 1.0000, 1.0000])
Train Acc:  82.96120383522727 Train Loss:  0.48826679587364197
Val Acc:  79.66694078947368 Val Loss:  0.5859178304672241
Saving model ...
Best Val Acc:  79.85197368421052
Epoch #:  59
tensor([0.9462, 1.0164, 1.0389,  ..., 1.0000, 1.0000, 1.0000])
Train Acc:  84.95871803977273 Train Loss:  0.4320492446422577
Val Acc:  81.27055921052632 Val Loss:  0.5418629050254822
Saving model ...
Best Val Acc:  81.27055921052632
Epoch #:  60
tensor([1.0273, 0.9379, 1.0268,  ..., 1.0000, 1.0000, 1.0000])
Train Acc:  82.6260653409091 Train Loss:  0.4996420443058014
Val Acc:  79.11184210526316 Val Loss:  0.6243863105773926
Saving model ...
Best Val Acc:  81.27055921052632
Epoch #:  61
tensor([0.9891, 0.9681, 1.0061,  ..., 1.0000, 1.0000, 1.0000])
Train Acc:  85.62233664772727 Train Loss:  0.41177457571029663
Val Acc:  81.1060855263158 Val Loss:  0.559347927570343
Saving model ...
Best Val Acc:  81.27055921052632
Epoch #:  62
tensor([1.0015, 0.9277, 0.8317,  ..., 1.0000, 1.0000, 1.0000])
Train Acc:  86.8319424715909 Train Loss:  0.38763391971588135
Val Acc:  82.25740131578948 Val Loss:  0.5119653344154358
Saving model ...
Best Val Acc:  82.25740131578948
Epoch #:  63
tensor([1.0359, 0.9120, 1.0088,  ..., 1.0000, 1.0000, 1.0000])
Train Acc:  86.52565696022727 Train Loss:  0.38566696643829346
Val Acc:  81.02384868421052 Val Loss:  0.5771255493164062
Saving model ...
Best Val Acc:  82.25740131578948
Epoch #:  64
tensor([0.9990, 0.9821, 1.0051,  ..., 1.0000, 1.0000, 1.0000])
Train Acc:  86.98064630681819 Train Loss:  0.37821483612060547
Val Acc:  81.76398026315789 Val Loss:  0.5403693914413452
Saving model ...
Best Val Acc:  82.25740131578948
Epoch #:  65
tensor([0.9988, 1.0354, 0.7820,  ..., 1.0000, 1.0000, 1.0000])
Train Acc:  87.02281605113636 Train Loss:  0.3714037835597992
Val Acc:  81.25 Val Loss:  0.56988525390625
Saving model ...
Best Val Acc:  82.25740131578948
Epoch #:  66
tensor([1.1089, 0.8956, 0.9111,  ..., 1.0000, 1.0000, 1.0000])
Train Acc:  87.09605823863636 Train Loss:  0.37381571531295776
Val Acc:  81.74342105263158 Val Loss:  0.5373602509498596
Saving model ...
Best Val Acc:  82.25740131578948
Epoch #:  67
tensor([1.0021, 1.0544, 0.9894,  ..., 1.0000, 1.0000, 1.0000])
Train Acc:  87.71750710227273 Train Loss:  0.35509002208709717
Val Acc:  82.25740131578948 Val Loss:  0.5376203060150146
Saving model ...
Best Val Acc:  82.25740131578948
Epoch #:  68
tensor([0.9899, 0.9671, 1.0654,  ..., 1.0000, 1.0000, 1.0000])
Train Acc:  88.3145419034091 Train Loss:  0.33570346236228943
Val Acc:  82.421875 Val Loss:  0.5165063142776489
Saving model ...
Best Val Acc:  82.421875
Epoch #:  69
tensor([1.0439, 0.9987, 1.0082,  ..., 1.0000, 1.0000, 1.0000])
Train Acc:  88.18359375 Train Loss:  0.3386501967906952
Val Acc:  81.90789473684211 Val Loss:  0.5388127565383911
Saving model ...
Best Val Acc:  82.421875
Epoch #:  70
tensor([0.9941, 0.9773, 1.0056,  ..., 1.0000, 1.0000, 1.0000])
Train Acc:  89.2422762784091 Train Loss:  0.31111541390419006
Val Acc:  83.24424342105263 Val Loss:  0.5026087164878845
Saving model ...
Best Val Acc:  83.24424342105263
Epoch #:  71
tensor([0.9986, 1.0121, 1.0051,  ..., 1.0000, 1.0000, 1.0000])
Train Acc:  89.89479758522727 Train Loss:  0.2908460199832916
Val Acc:  83.53207236842105 Val Loss:  0.4878060221672058
Saving model ...
Best Val Acc:  83.53207236842105
Epoch #:  72
tensor([0.9530, 1.0004, 1.0023,  ..., 1.0000, 1.0000, 1.0000])
Train Acc:  90.53178267045455 Train Loss:  0.27154967188835144
Val Acc:  83.36759868421052 Val Loss:  0.4938046932220459
Saving model ...
Best Val Acc:  83.53207236842105
Epoch #:  73
tensor([1.0003, 1.2359, 0.9981,  ..., 1.0000, 1.0000, 1.0000])
Train Acc:  90.39195667613636 Train Loss:  0.2761668860912323
Val Acc:  83.14144736842105 Val Loss:  0.5099003314971924
Saving model ...
Best Val Acc:  83.53207236842105
Epoch #:  74
tensor([1.0101, 0.9843, 1.0019,  ..., 1.0000, 1.0000, 1.0000])
Train Acc:  91.00230823863636 Train Loss:  0.26222336292266846
Val Acc:  83.03865131578948 Val Loss:  0.5097137689590454
Saving model ...
Best Val Acc:  83.53207236842105
Epoch #:  75
tensor([0.9998, 1.0093, 0.9974,  ..., 1.0000, 1.0000, 1.0000])
Train Acc:  91.455078125 Train Loss:  0.24453555047512054
Val Acc:  83.7376644736842 Val Loss:  0.5111295580863953
Saving model ...
Best Val Acc:  83.7376644736842
Epoch #:  76
tensor([1.0016, 0.9198, 1.0329,  ..., 1.0000, 1.0000, 1.0000])
Train Acc:  92.6025390625 Train Loss:  0.21370109915733337
Val Acc:  84.53947368421052 Val Loss:  0.49131858348846436
Saving model ...
Best Val Acc:  84.53947368421052
Epoch #:  77
tensor([0.9990, 0.9988, 0.9452,  ..., 1.0000, 1.0000, 1.0000])
Train Acc:  91.552734375 Train Loss:  0.24378690123558044
Val Acc:  83.47039473684211 Val Loss:  0.514748752117157
Saving model ...
Best Val Acc:  84.53947368421052
Epoch #:  78
